#
# There is insufficient memory for the Java Runtime Environment to continue.
# Native memory allocation (malloc) failed to allocate 105381888 bytes for committing reserved memory.
# Possible reasons:
#   The system is out of physical RAM or swap space
#   In 32 bit mode, the process size limit was hit
# Possible solutions:
#   Reduce memory load on the system
#   Increase physical memory or swap space
#   Check if swap backing store is full
#   Use 64 bit Java on a 64 bit OS
#   Decrease Java heap size (-Xmx/-Xms)
#   Decrease number of Java threads
#   Decrease Java thread stack sizes (-Xss)
#   Set larger code cache with -XX:ReservedCodeCacheSize=
# This output file may be truncated or incomplete.
#
#  Out of Memory Error (os_linux.cpp:2809), pid=13827, tid=140721207392000
#
# JRE version: OpenJDK Runtime Environment (7.0_79-b14) (build 1.7.0_79-b14)
# Java VM: OpenJDK 64-Bit Server VM (24.79-b02 mixed mode linux-amd64 compressed oops)
# Derivative: IcedTea 2.5.5
# Distribution: Ubuntu 12.04 LTS, package 7u79-2.5.5-0ubuntu0.12.04.1
# Failed to write core dump. Core dumps have been disabled. To enable core dumping, try "ulimit -c unlimited" before starting Java again
#

---------------  T H R E A D  ---------------

Current thread (0x00007ffbfc002000):  JavaThread "LocalJobRunner Map Task Executor #0" [_thread_in_vm, id=13989, stack(0x00007ffc35843000,0x00007ffc35944000)]

Stack: [0x00007ffc35843000,0x00007ffc35944000],  sp=0x00007ffc35941d80,  free space=1019k
Native frames: (J=compiled Java code, j=interpreted, Vv=VM code, C=native code)
V  [libjvm.so+0x9263d3]  VMError::report_and_die()+0x173
V  [libjvm.so+0x488c30]  report_vm_out_of_memory(char const*, int, unsigned long, char const*)+0x70
V  [libjvm.so+0x7ab3e3]  os::pd_commit_memory(char*, unsigned long, unsigned long, bool)+0x103
V  [libjvm.so+0x7a50b6]  os::commit_memory(char*, unsigned long, unsigned long, bool)+0x26
V  [libjvm.so+0x8139ab]  PSVirtualSpace::expand_by(unsigned long)+0x6b
V  [libjvm.so+0x803bbd]  PSOldGen::expand(unsigned long) [clone .part.83]+0x1dd
V  [libjvm.so+0x8045e8]  PSOldGen::allocate(unsigned long)+0xe8
V  [libjvm.so+0x7cb2ea]  ParallelScavengeHeap::mem_allocate(unsigned long, bool*)+0x9a
V  [libjvm.so+0x8f4bee]  typeArrayKlass::allocate_common(int, bool, Thread*)+0x32e
V  [libjvm.so+0x5cf0a8]  InterpreterRuntime::newarray(JavaThread*, BasicType, int)+0x28
j  org.apache.hadoop.mapred.MapTask$MapOutputBuffer.init(Lorg/apache/hadoop/mapred/MapOutputCollector$Context;)V+247
j  org.apache.hadoop.mapred.MapTask.createSortingCollector(Lorg/apache/hadoop/mapred/JobConf;Lorg/apache/hadoop/mapred/Task$TaskReporter;)Lorg/apache/hadoop/mapred/MapOutputCollector;+162
j  org.apache.hadoop.mapred.MapTask.access$100(Lorg/apache/hadoop/mapred/MapTask;Lorg/apache/hadoop/mapred/JobConf;Lorg/apache/hadoop/mapred/Task$TaskReporter;)Lorg/apache/hadoop/mapred/MapOutputCollector;+3
j  org.apache.hadoop.mapred.MapTask$NewOutputCollector.<init>(Lorg/apache/hadoop/mapred/MapTask;Lorg/apache/hadoop/mapreduce/JobContext;Lorg/apache/hadoop/mapred/JobConf;Lorg/apache/hadoop/mapred/TaskUmbilicalProtocol;Lorg/apache/hadoop/mapred/Task$TaskReporter;)V+14
j  org.apache.hadoop.mapred.MapTask.runNewMapper(Lorg/apache/hadoop/mapred/JobConf;Lorg/apache/hadoop/mapreduce/split/JobSplit$TaskSplitIndex;Lorg/apache/hadoop/mapred/TaskUmbilicalProtocol;Lorg/apache/hadoop/mapred/Task$TaskReporter;)V+170
j  org.apache.hadoop.mapred.MapTask.run(Lorg/apache/hadoop/mapred/JobConf;Lorg/apache/hadoop/mapred/TaskUmbilicalProtocol;)V+148
j  org.apache.hadoop.mapred.LocalJobRunner$Job$MapTaskRunnable.run()V+223
j  java.util.concurrent.Executors$RunnableAdapter.call()Ljava/lang/Object;+4
j  java.util.concurrent.FutureTask.run()V+42
j  java.util.concurrent.ThreadPoolExecutor.runWorker(Ljava/util/concurrent/ThreadPoolExecutor$Worker;)V+95
j  java.util.concurrent.ThreadPoolExecutor$Worker.run()V+5
j  java.lang.Thread.run()V+11
v  ~StubRoutines::call_stub
V  [libjvm.so+0x5dbb8f]  JavaCalls::call_helper(JavaValue*, methodHandle*, JavaCallArguments*, Thread*)+0x56f
V  [libjvm.so+0x5daaf5]  JavaCalls::call_virtual(JavaValue*, KlassHandle, Symbol*, Symbol*, JavaCallArguments*, Thread*)+0x1e5
V  [libjvm.so+0x5dab4f]  JavaCalls::call_virtual(JavaValue*, Handle, KlassHandle, Symbol*, Symbol*, Thread*)+0x4f
V  [libjvm.so+0x61345c]  thread_entry(JavaThread*, Thread*)+0x8c
V  [libjvm.so+0x8e1798]  JavaThread::thread_main_inner()+0xd8
V  [libjvm.so+0x8e1986]  JavaThread::run()+0x1d6
V  [libjvm.so+0x7a7e42]  java_start(Thread*)+0x132

Java frames: (J=compiled Java code, j=interpreted, Vv=VM code)
j  org.apache.hadoop.mapred.MapTask$MapOutputBuffer.init(Lorg/apache/hadoop/mapred/MapOutputCollector$Context;)V+247
j  org.apache.hadoop.mapred.MapTask.createSortingCollector(Lorg/apache/hadoop/mapred/JobConf;Lorg/apache/hadoop/mapred/Task$TaskReporter;)Lorg/apache/hadoop/mapred/MapOutputCollector;+162
j  org.apache.hadoop.mapred.MapTask.access$100(Lorg/apache/hadoop/mapred/MapTask;Lorg/apache/hadoop/mapred/JobConf;Lorg/apache/hadoop/mapred/Task$TaskReporter;)Lorg/apache/hadoop/mapred/MapOutputCollector;+3
j  org.apache.hadoop.mapred.MapTask$NewOutputCollector.<init>(Lorg/apache/hadoop/mapred/MapTask;Lorg/apache/hadoop/mapreduce/JobContext;Lorg/apache/hadoop/mapred/JobConf;Lorg/apache/hadoop/mapred/TaskUmbilicalProtocol;Lorg/apache/hadoop/mapred/Task$TaskReporter;)V+14
j  org.apache.hadoop.mapred.MapTask.runNewMapper(Lorg/apache/hadoop/mapred/JobConf;Lorg/apache/hadoop/mapreduce/split/JobSplit$TaskSplitIndex;Lorg/apache/hadoop/mapred/TaskUmbilicalProtocol;Lorg/apache/hadoop/mapred/Task$TaskReporter;)V+170
j  org.apache.hadoop.mapred.MapTask.run(Lorg/apache/hadoop/mapred/JobConf;Lorg/apache/hadoop/mapred/TaskUmbilicalProtocol;)V+148
j  org.apache.hadoop.mapred.LocalJobRunner$Job$MapTaskRunnable.run()V+223
j  java.util.concurrent.Executors$RunnableAdapter.call()Ljava/lang/Object;+4
j  java.util.concurrent.FutureTask.run()V+42
j  java.util.concurrent.ThreadPoolExecutor.runWorker(Ljava/util/concurrent/ThreadPoolExecutor$Worker;)V+95
j  java.util.concurrent.ThreadPoolExecutor$Worker.run()V+5
j  java.lang.Thread.run()V+11
v  ~StubRoutines::call_stub

---------------  P R O C E S S  ---------------

Java Threads: ( => current thread )
  0x00007ffc0c902000 JavaThread "communication thread" daemon [_thread_blocked, id=13991, stack(0x00007ffc35c8a000,0x00007ffc35d8b000)]
=>0x00007ffbfc002000 JavaThread "LocalJobRunner Map Task Executor #0" [_thread_in_vm, id=13989, stack(0x00007ffc35843000,0x00007ffc35944000)]
  0x00007ffc0835d000 JavaThread "Thread-67" [_thread_blocked, id=13987, stack(0x00007ffc35d8b000,0x00007ffc35e8c000)]
  0x00007ffc1002c800 JavaThread "LeaseRenewer:root@localhost:9000" daemon [_thread_blocked, id=13929, stack(0x00007ffc35641000,0x00007ffc35742000)]
  0x00007ffc04027800 JavaThread "org.apache.hadoop.hdfs.PeerCache@7617b052" daemon [_thread_blocked, id=13917, stack(0x00007ffc35540000,0x00007ffc35641000)]
  0x00007ffc084f5800 JavaThread "process reaper" daemon [_thread_blocked, id=13896, stack(0x00007ffc35c51000,0x00007ffc35c8a000)]
  0x00007ffc401a1800 JavaThread "IPC Parameter Sending Thread #1" daemon [_thread_blocked, id=13856, stack(0x00007ffc35e8c000,0x00007ffc35f8d000)]
  0x00007ffc08375000 JavaThread "IPC Parameter Sending Thread #0" daemon [_thread_blocked, id=13855, stack(0x00007ffc35f8d000,0x00007ffc3608e000)]
  0x00007ffc401a0800 JavaThread "IPC Client (966984015) connection to localhost/127.0.0.1:9000 from root" daemon [_thread_blocked, id=13854, stack(0x00007ffc36290000,0x00007ffc36391000)]
  0x00007ffc401ea800 JavaThread "process reaper" daemon [_thread_blocked, id=13852, stack(0x00007ffc36391000,0x00007ffc363ca000)]
  0x00007ffc400cf800 JavaThread "Thread-0" [_thread_blocked, id=13849, stack(0x00007ffc3c08e000,0x00007ffc3c18f000)]
  0x00007ffc400ae800 JavaThread "Service Thread" daemon [_thread_blocked, id=13847, stack(0x00007ffc3c290000,0x00007ffc3c391000)]
  0x00007ffc400ac800 JavaThread "C2 CompilerThread1" daemon [_thread_blocked, id=13846, stack(0x00007ffc3c391000,0x00007ffc3c492000)]
  0x00007ffc400a9800 JavaThread "C2 CompilerThread0" daemon [_thread_blocked, id=13845, stack(0x00007ffc3c492000,0x00007ffc3c593000)]
  0x00007ffc400a7800 JavaThread "Signal Dispatcher" daemon [_thread_blocked, id=13844, stack(0x00007ffc3c593000,0x00007ffc3c694000)]
  0x00007ffc4007a800 JavaThread "Finalizer" daemon [_thread_blocked, id=13842, stack(0x00007ffc3c694000,0x00007ffc3c795000)]
  0x00007ffc40078800 JavaThread "Reference Handler" daemon [_thread_blocked, id=13841, stack(0x00007ffc3c795000,0x00007ffc3c896000)]
  0x00007ffc4000d000 JavaThread "main" [_thread_blocked, id=13837, stack(0x00007ffc49a0a000,0x00007ffc49b0b000)]

Other Threads:
  0x00007ffc40074000 VMThread [stack: 0x00007ffc3c896000,0x00007ffc3c997000] [id=13840]
  0x00007ffc400b9800 WatcherThread [stack: 0x00007ffc3c18f000,0x00007ffc3c290000] [id=13848]

VM state:not at safepoint (normal execution)

VM Mutex/Monitor currently owned by a thread:  ([mutex/lock_event])
[0x00007ffc40008eb0] ExpandHeap_lock - owner thread: 0x00007ffbfc002000
[0x00007ffc40009a30] Heap_lock - owner thread: 0x00007ffbfc002000
[0x00007ffc4000a030] MethodData_lock - owner thread: 0x00007ffc4000d000

Heap
 PSYoungGen      total 104960K, used 29477K [0x00000000f2200000, 0x00000000f8d00000, 0x0000000100000000)
  eden space 100352K, 26% used [0x00000000f2200000,0x00000000f3c06dc8,0x00000000f8400000)
  from space 4608K, 61% used [0x00000000f8880000,0x00000000f8b429c0,0x00000000f8d00000)
  to   space 4608K, 0% used [0x00000000f8400000,0x00000000f8400000,0x00000000f8880000)
 ParOldGen       total 331264K, used 318220K [0x00000000d6600000, 0x00000000ea980000, 0x00000000f2200000)
  object space 331264K, 96% used [0x00000000d6600000,0x00000000e9cc30d0,0x00000000ea980000)
 PSPermGen       total 24576K, used 24341K [0x00000000cc000000, 0x00000000cd800000, 0x00000000d6600000)
  object space 24576K, 99% used [0x00000000cc000000,0x00000000cd7c57a0,0x00000000cd800000)

Card table byte_map: [0x00007ffc464e9000,0x00007ffc4668a000] byte_map_base: 0x00007ffc45e89000

Polling page: 0x00007ffc49b23000

Code Cache  [0x00007ffc3d000000, 0x00007ffc3d270000, 0x00007ffc40000000)
 total_blobs=967 nmethods=550 adapters=370 free_code_cache=47287Kb largest_free_block=48357248

Compilation events (10 events):
Event: 12.902 Thread 0x00007ffc400a9800  562             com.sun.org.apache.xml.internal.serializer.ToUnknownStream::characters (24 bytes)
Event: 12.903 Thread 0x00007ffc400a9800 nmethod 562 0x00007ffc3d1b0a10 code [0x00007ffc3d1b0b60, 0x00007ffc3d1b0c58]
Event: 12.903 Thread 0x00007ffc400a9800  563             com.sun.org.apache.xml.internal.serializer.ToUnknownStream::endElement (22 bytes)
Event: 12.904 Thread 0x00007ffc400ac800 nmethod 561 0x00007ffc3d1b0350 code [0x00007ffc3d1b04c0, 0x00007ffc3d1b0758]
Event: 12.904 Thread 0x00007ffc400ac800  565             com.sun.org.apache.xerces.internal.parsers.XIncludeAwareParserConfiguration::getFeatureState (40 bytes)
Event: 12.906 Thread 0x00007ffc400ac800 nmethod 565 0x00007ffc3d1afd50 code [0x00007ffc3d1afec0, 0x00007ffc3d1b01e8]
Event: 12.906 Thread 0x00007ffc400ac800  566             java.util.concurrent.locks.ReentrantLock::tryLock (9 bytes)
Event: 12.907 Thread 0x00007ffc400ac800 nmethod 566 0x00007ffc3d1afa50 code [0x00007ffc3d1afba0, 0x00007ffc3d1afc78]
Event: 12.907 Thread 0x00007ffc400ac800  567             com.sun.org.apache.xerces.internal.parsers.XML11Configuration::getFeatureState0 (6 bytes)
Event: 12.907 Thread 0x00007ffc400ac800 nmethod 567 0x00007ffc3d1af810 code [0x00007ffc3d1af960, 0x00007ffc3d1af9c8]

GC Heap History (10 events):
Event: 5.304 GC heap before
{Heap before GC invocations=8 (full 0):
 PSYoungGen      total 22528K, used 21938K [0x00000000f2200000, 0x00000000f4e00000, 0x0000000100000000)
  eden space 19456K, 100% used [0x00000000f2200000,0x00000000f3500000,0x00000000f3500000)
  from space 3072K, 80% used [0x00000000f3500000,0x00000000f376cb98,0x00000000f3800000)
  to   space 3072K, 0% used [0x00000000f4b00000,0x00000000f4b00000,0x00000000f4e00000)
 ParOldGen       total 22528K, used 6246K [0x00000000d6600000, 0x00000000d7c00000, 0x00000000f2200000)
  object space 22528K, 27% used [0x00000000d6600000,0x00000000d6c19be8,0x00000000d7c00000)
 PSPermGen       total 21504K, used 15982K [0x00000000cc000000, 0x00000000cd500000, 0x00000000d6600000)
  object space 21504K, 74% used [0x00000000cc000000,0x00000000ccf9b8a0,0x00000000cd500000)
Event: 5.311 GC heap after
Heap after GC invocations=8 (full 0):
 PSYoungGen      total 41984K, used 1813K [0x00000000f2200000, 0x00000000f4e00000, 0x0000000100000000)
  eden space 38912K, 0% used [0x00000000f2200000,0x00000000f2200000,0x00000000f4800000)
  from space 3072K, 59% used [0x00000000f4b00000,0x00000000f4cc5658,0x00000000f4e00000)
  to   space 3072K, 0% used [0x00000000f4800000,0x00000000f4800000,0x00000000f4b00000)
 ParOldGen       total 22528K, used 6482K [0x00000000d6600000, 0x00000000d7c00000, 0x00000000f2200000)
  object space 22528K, 28% used [0x00000000d6600000,0x00000000d6c54bf8,0x00000000d7c00000)
 PSPermGen       total 21504K, used 15982K [0x00000000cc000000, 0x00000000cd500000, 0x00000000d6600000)
  object space 21504K, 74% used [0x00000000cc000000,0x00000000ccf9b8a0,0x00000000cd500000)
}
Event: 7.063 GC heap before
{Heap before GC invocations=9 (full 0):
 PSYoungGen      total 41984K, used 40725K [0x00000000f2200000, 0x00000000f4e00000, 0x0000000100000000)
  eden space 38912K, 100% used [0x00000000f2200000,0x00000000f4800000,0x00000000f4800000)
  from space 3072K, 59% used [0x00000000f4b00000,0x00000000f4cc5658,0x00000000f4e00000)
  to   space 3072K, 0% used [0x00000000f4800000,0x00000000f4800000,0x00000000f4b00000)
 ParOldGen       total 22528K, used 6482K [0x00000000d6600000, 0x00000000d7c00000, 0x00000000f2200000)
  object space 22528K, 28% used [0x00000000d6600000,0x00000000d6c54bf8,0x00000000d7c00000)
 PSPermGen       total 21504K, used 20462K [0x00000000cc000000, 0x00000000cd500000, 0x00000000d6600000)
  object space 21504K, 95% used [0x00000000cc000000,0x00000000cd3fb9a0,0x00000000cd500000)
Event: 7.086 GC heap after
Heap after GC invocations=9 (full 0):
 PSYoungGen      total 41984K, used 3051K [0x00000000f2200000, 0x00000000f6700000, 0x0000000100000000)
  eden space 38912K, 0% used [0x00000000f2200000,0x00000000f2200000,0x00000000f4800000)
  from space 3072K, 99% used [0x00000000f4800000,0x00000000f4afacb8,0x00000000f4b00000)
  to   space 4096K, 0% used [0x00000000f6300000,0x00000000f6300000,0x00000000f6700000)
 ParOldGen       total 22528K, used 8302K [0x00000000d6600000, 0x00000000d7c00000, 0x00000000f2200000)
  object space 22528K, 36% used [0x00000000d6600000,0x00000000d6e1b858,0x00000000d7c00000)
 PSPermGen       total 21504K, used 20462K [0x00000000cc000000, 0x00000000cd500000, 0x00000000d6600000)
  object space 21504K, 95% used [0x00000000cc000000,0x00000000cd3fb9a0,0x00000000cd500000)
}
Event: 7.921 GC heap before
{Heap before GC invocations=10 (full 0):
 PSYoungGen      total 41984K, used 41963K [0x00000000f2200000, 0x00000000f6700000, 0x0000000100000000)
  eden space 38912K, 100% used [0x00000000f2200000,0x00000000f4800000,0x00000000f4800000)
  from space 3072K, 99% used [0x00000000f4800000,0x00000000f4afacb8,0x00000000f4b00000)
  to   space 4096K, 0% used [0x00000000f6300000,0x00000000f6300000,0x00000000f6700000)
 ParOldGen       total 22528K, used 8302K [0x00000000d6600000, 0x00000000d7c00000, 0x00000000f2200000)
  object space 22528K, 36% used [0x00000000d6600000,0x00000000d6e1b858,0x00000000d7c00000)
 PSPermGen       total 21504K, used 21057K [0x00000000cc000000, 0x00000000cd500000, 0x00000000d6600000)
  object space 21504K, 97% used [0x00000000cc000000,0x00000000cd4904d8,0x00000000cd500000)
Event: 7.929 GC heap after
Heap after GC invocations=10 (full 0):
 PSYoungGen      total 66560K, used 3130K [0x00000000f2200000, 0x00000000f6700000, 0x0000000100000000)
  eden space 62464K, 0% used [0x00000000f2200000,0x00000000f2200000,0x00000000f5f00000)
  from space 4096K, 76% used [0x00000000f6300000,0x00000000f660eae0,0x00000000f6700000)
  to   space 4096K, 0% used [0x00000000f5f00000,0x00000000f5f00000,0x00000000f6300000)
 ParOldGen       total 22528K, used 8550K [0x00000000d6600000, 0x00000000d7c00000, 0x00000000f2200000)
  object space 22528K, 37% used [0x00000000d6600000,0x00000000d6e59858,0x00000000d7c00000)
 PSPermGen       total 21504K, used 21057K [0x00000000cc000000, 0x00000000cd500000, 0x00000000d6600000)
  object space 21504K, 97% used [0x00000000cc000000,0x00000000cd4904d8,0x00000000cd500000)
}
Event: 11.132 GC heap before
{Heap before GC invocations=11 (full 0):
 PSYoungGen      total 66560K, used 65594K [0x00000000f2200000, 0x00000000f6700000, 0x0000000100000000)
  eden space 62464K, 100% used [0x00000000f2200000,0x00000000f5f00000,0x00000000f5f00000)
  from space 4096K, 76% used [0x00000000f6300000,0x00000000f660eae0,0x00000000f6700000)
  to   space 4096K, 0% used [0x00000000f5f00000,0x00000000f5f00000,0x00000000f6300000)
 ParOldGen       total 331264K, used 315750K [0x00000000d6600000, 0x00000000ea980000, 0x00000000f2200000)
  object space 331264K, 95% used [0x00000000d6600000,0x00000000e9a59888,0x00000000ea980000)
 PSPermGen       total 24576K, used 24146K [0x00000000cc000000, 0x00000000cd800000, 0x00000000d6600000)
  object space 24576K, 98% used [0x00000000cc000000,0x00000000cd794ab8,0x00000000cd800000)
Event: 11.165 GC heap after
Heap after GC invocations=11 (full 0):
 PSYoungGen      total 66560K, used 3981K [0x00000000f2200000, 0x00000000f8d00000, 0x0000000100000000)
  eden space 62464K, 0% used [0x00000000f2200000,0x00000000f2200000,0x00000000f5f00000)
  from space 4096K, 97% used [0x00000000f5f00000,0x00000000f62e36c8,0x00000000f6300000)
  to   space 4608K, 0% used [0x00000000f8880000,0x00000000f8880000,0x00000000f8d00000)
 ParOldGen       total 331264K, used 317404K [0x00000000d6600000, 0x00000000ea980000, 0x00000000f2200000)
  object space 331264K, 95% used [0x00000000d6600000,0x00000000e9bf7020,0x00000000ea980000)
 PSPermGen       total 24576K, used 24146K [0x00000000cc000000, 0x00000000cd800000, 0x00000000d6600000)
  object space 24576K, 98% used [0x00000000cc000000,0x00000000cd794ab8,0x00000000cd800000)
}
Event: 12.655 GC heap before
{Heap before GC invocations=12 (full 0):
 PSYoungGen      total 66560K, used 66445K [0x00000000f2200000, 0x00000000f8d00000, 0x0000000100000000)
  eden space 62464K, 100% used [0x00000000f2200000,0x00000000f5f00000,0x00000000f5f00000)
  from space 4096K, 97% used [0x00000000f5f00000,0x00000000f62e36c8,0x00000000f6300000)
  to   space 4608K, 0% used [0x00000000f8880000,0x00000000f8880000,0x00000000f8d00000)
 ParOldGen       total 331264K, used 317404K [0x00000000d6600000, 0x00000000ea980000, 0x00000000f2200000)
  object space 331264K, 95% used [0x00000000d6600000,0x00000000e9bf7020,0x00000000ea980000)
 PSPermGen       total 24576K, used 24337K [0x00000000cc000000, 0x00000000cd800000, 0x00000000d6600000)
  object space 24576K, 99% used [0x00000000cc000000,0x00000000cd7c44c0,0x00000000cd800000)
Event: 12.667 GC heap after
Heap after GC invocations=12 (full 0):
 PSYoungGen      total 104960K, used 2826K [0x00000000f2200000, 0x00000000f8d00000, 0x0000000100000000)
  eden space 100352K, 0% used [0x00000000f2200000,0x00000000f2200000,0x00000000f8400000)
  from space 4608K, 61% used [0x00000000f8880000,0x00000000f8b429c0,0x00000000f8d00000)
  to   space 4608K, 0% used [0x00000000f8400000,0x00000000f8400000,0x00000000f8880000)
 ParOldGen       total 331264K, used 318220K [0x00000000d6600000, 0x00000000ea980000, 0x00000000f2200000)
  object space 331264K, 96% used [0x00000000d6600000,0x00000000e9cc30d0,0x00000000ea980000)
 PSPermGen       total 24576K, used 24337K [0x00000000cc000000, 0x00000000cd800000, 0x00000000d6600000)
  object space 24576K, 99% used [0x00000000cc000000,0x00000000cd7c44c0,0x00000000cd800000)
}

Deoptimization events (10 events):
Event: 12.274 Thread 0x00007ffc400cf800 Uncommon trap: reason=class_check action=maybe_recompile pc=0x00007ffc3d1356b8 method=java.io.BufferedInputStream.read1([BII)I @ 39
Event: 12.274 Thread 0x00007ffc400cf800 Uncommon trap: reason=class_check action=maybe_recompile pc=0x00007ffc3d132728 method=java.io.BufferedInputStream.read1([BII)I @ 39
Event: 12.390 Thread 0x00007ffc400cf800 Uncommon trap: reason=class_check action=maybe_recompile pc=0x00007ffc3d126834 method=com.sun.org.apache.xerces.internal.dom.NodeImpl.appendChild(Lorg/w3c/dom/Node;)Lorg/w3c/dom/Node; @ 3
Event: 12.394 Thread 0x00007ffc400cf800 Uncommon trap: reason=bimorphic action=maybe_recompile pc=0x00007ffc3d14b544 method=com.sun.org.apache.xalan.internal.xsltc.trax.DOM2TO.parse(Lorg/w3c/dom/Node;)V @ 6
Event: 12.522 Thread 0x00007ffc4000d000 Uncommon trap: reason=class_check action=maybe_recompile pc=0x00007ffc3d126834 method=com.sun.org.apache.xerces.internal.dom.NodeImpl.appendChild(Lorg/w3c/dom/Node;)Lorg/w3c/dom/Node; @ 3
Event: 12.549 Thread 0x00007ffc4000d000 Uncommon trap: reason=bimorphic action=maybe_recompile pc=0x00007ffc3d14b544 method=com.sun.org.apache.xalan.internal.xsltc.trax.DOM2TO.parse(Lorg/w3c/dom/Node;)V @ 6
Event: 12.839 Thread 0x00007ffc0835d000 Uncommon trap: reason=bimorphic action=maybe_recompile pc=0x00007ffc3d138858 method=org.apache.hadoop.io.WritableUtils.readVLong(Ljava/io/DataInput;)J @ 1
Event: 12.839 Thread 0x00007ffc0835d000 Uncommon trap: reason=bimorphic action=maybe_recompile pc=0x00007ffc3d138858 method=org.apache.hadoop.io.WritableUtils.readVLong(Ljava/io/DataInput;)J @ 1
Event: 12.839 Thread 0x00007ffc0835d000 Uncommon trap: reason=bimorphic action=maybe_recompile pc=0x00007ffc3d138858 method=org.apache.hadoop.io.WritableUtils.readVLong(Ljava/io/DataInput;)J @ 1
Event: 12.839 Thread 0x00007ffc0835d000 Uncommon trap: reason=bimorphic action=maybe_recompile pc=0x00007ffc3d134610 method=org.apache.hadoop.io.WritableUtils.readVLong(Ljava/io/DataInput;)J @ 1

Internal exceptions (10 events):
Event: 12.102 Thread 0x00007ffc4000d000 Threw 0x00000000f2f2e9f0 at /build/buildd/openjdk-7-7u79-2.5.5/build/openjdk/hotspot/src/share/vm/prims/jvm.cpp:1284
Event: 12.143 Thread 0x00007ffc4000d000 Threw 0x00000000f3590b20 at /build/buildd/openjdk-7-7u79-2.5.5/build/openjdk/hotspot/src/share/vm/prims/jvm.cpp:1284
Event: 12.191 Thread 0x00007ffc400cf800 Threw 0x00000000f39f5b70 at /build/buildd/openjdk-7-7u79-2.5.5/build/openjdk/hotspot/src/share/vm/prims/jvm.cpp:1284
Event: 12.197 Thread 0x00007ffc400cf800 Threw 0x00000000f39fb898 at /build/buildd/openjdk-7-7u79-2.5.5/build/openjdk/hotspot/src/share/vm/prims/jvm.cpp:1284
Event: 12.251 Thread 0x00007ffc400cf800 Threw 0x00000000f3c4bc30 at /build/buildd/openjdk-7-7u79-2.5.5/build/openjdk/hotspot/src/share/vm/prims/jvm.cpp:1284
Event: 12.251 Thread 0x00007ffc400cf800 Threw 0x00000000f3c52b00 at /build/buildd/openjdk-7-7u79-2.5.5/build/openjdk/hotspot/src/share/vm/prims/jvm.cpp:1284
Event: 12.302 Thread 0x00007ffc4000d000 Threw 0x00000000f4505bf0 at /build/buildd/openjdk-7-7u79-2.5.5/build/openjdk/hotspot/src/share/vm/prims/jvm.cpp:1284
Event: 12.302 Thread 0x00007ffc4000d000 Threw 0x00000000f450b840 at /build/buildd/openjdk-7-7u79-2.5.5/build/openjdk/hotspot/src/share/vm/prims/jvm.cpp:1284
Event: 12.339 Thread 0x00007ffc4000d000 Threw 0x00000000f45936f0 at /build/buildd/openjdk-7-7u79-2.5.5/build/openjdk/hotspot/src/share/vm/prims/jvm.cpp:1284
Event: 12.339 Thread 0x00007ffc4000d000 Threw 0x00000000f459a5c0 at /build/buildd/openjdk-7-7u79-2.5.5/build/openjdk/hotspot/src/share/vm/prims/jvm.cpp:1284

Events (10 events):
Event: 12.842 Executing VM operation: RevokeBias
Event: 12.842 Executing VM operation: RevokeBias done
Event: 12.842 Executing VM operation: RevokeBias
Event: 12.842 Executing VM operation: RevokeBias done
Event: 12.852 Thread 0x00007ffbfc002000 Thread added: 0x00007ffbfc002000
Event: 12.852 Executing VM operation: RevokeBias
Event: 12.856 Thread 0x00007ffc402bb800 Thread added: 0x00007ffc402bb800
Event: 12.860 Executing VM operation: RevokeBias done
Event: 12.868 Thread 0x00007ffc0c902000 Thread added: 0x00007ffc0c902000
Event: 12.876 Thread 0x00007ffc402bb800 Thread exited: 0x00007ffc402bb800


Dynamic libraries:
00400000-00401000 r-xp 00000000 08:01 1073686                            /usr/lib/jvm/java-7-openjdk-amd64/jre/bin/java
00600000-00601000 r--p 00000000 08:01 1073686                            /usr/lib/jvm/java-7-openjdk-amd64/jre/bin/java
00601000-00602000 rw-p 00001000 08:01 1073686                            /usr/lib/jvm/java-7-openjdk-amd64/jre/bin/java
011ec000-0120d000 rw-p 00000000 00:00 0                                  [heap]
cc000000-cd800000 rw-p 00000000 00:00 0 
cd800000-d6600000 rw-p 00000000 00:00 0 
d6600000-ea980000 rw-p 00000000 00:00 0 
f0e00000-f2200000 rw-p 00000000 00:00 0 
f2200000-f8d00000 rw-p 00000000 00:00 0 
f8d00000-100000000 rw-p 00000000 00:00 0 
7ffbf4000000-7ffbf4246000 rw-p 00000000 00:00 0 
7ffbf4246000-7ffbf8000000 ---p 00000000 00:00 0 
7ffbfc000000-7ffbfc021000 rw-p 00000000 00:00 0 
7ffbfc021000-7ffc00000000 ---p 00000000 00:00 0 
7ffc00000000-7ffc00024000 rw-p 00000000 00:00 0 
7ffc00024000-7ffc04000000 ---p 00000000 00:00 0 
7ffc04000000-7ffc0403b000 rw-p 00000000 00:00 0 
7ffc0403b000-7ffc08000000 ---p 00000000 00:00 0 
7ffc08000000-7ffc085a3000 rw-p 00000000 00:00 0 
7ffc085a3000-7ffc0c000000 ---p 00000000 00:00 0 
7ffc0c000000-7ffc0d7ea000 rw-p 00000000 00:00 0 
7ffc0d7ea000-7ffc10000000 ---p 00000000 00:00 0 
7ffc10000000-7ffc10037000 rw-p 00000000 00:00 0 
7ffc10037000-7ffc14000000 ---p 00000000 00:00 0 
7ffc14000000-7ffc14021000 rw-p 00000000 00:00 0 
7ffc14021000-7ffc18000000 ---p 00000000 00:00 0 
7ffc18000000-7ffc18d6b000 rw-p 00000000 00:00 0 
7ffc18d6b000-7ffc1c000000 ---p 00000000 00:00 0 
7ffc1c000000-7ffc1c021000 rw-p 00000000 00:00 0 
7ffc1c021000-7ffc20000000 ---p 00000000 00:00 0 
7ffc2273a000-7ffc28000000 r--p 00000000 08:01 1057665                    /usr/lib/locale/locale-archive
7ffc28000000-7ffc28079000 rw-p 00000000 00:00 0 
7ffc28079000-7ffc2c000000 ---p 00000000 00:00 0 
7ffc2c000000-7ffc2c021000 rw-p 00000000 00:00 0 
7ffc2c021000-7ffc30000000 ---p 00000000 00:00 0 
7ffc30000000-7ffc30021000 rw-p 00000000 00:00 0 
7ffc30021000-7ffc34000000 ---p 00000000 00:00 0 
7ffc3503b000-7ffc3503e000 ---p 00000000 00:00 0 
7ffc3503e000-7ffc3513c000 rw-p 00000000 00:00 0 
7ffc3513c000-7ffc3513f000 ---p 00000000 00:00 0 
7ffc3513f000-7ffc3523d000 rw-p 00000000 00:00 0 
7ffc3523d000-7ffc35240000 ---p 00000000 00:00 0 
7ffc35240000-7ffc3533e000 rw-p 00000000 00:00 0 
7ffc3533e000-7ffc35341000 ---p 00000000 00:00 0 
7ffc35341000-7ffc3543f000 rw-p 00000000 00:00 0 
7ffc3543f000-7ffc35442000 ---p 00000000 00:00 0 
7ffc35442000-7ffc35540000 rw-p 00000000 00:00 0 
7ffc35540000-7ffc35543000 ---p 00000000 00:00 0 
7ffc35543000-7ffc35641000 rw-p 00000000 00:00 0 
7ffc35641000-7ffc35644000 ---p 00000000 00:00 0 
7ffc35644000-7ffc35742000 rw-p 00000000 00:00 0 
7ffc35742000-7ffc35745000 ---p 00000000 00:00 0 
7ffc35745000-7ffc35843000 rw-p 00000000 00:00 0 
7ffc35843000-7ffc35846000 ---p 00000000 00:00 0 
7ffc35846000-7ffc35944000 rw-p 00000000 00:00 0 
7ffc35944000-7ffc35947000 ---p 00000000 00:00 0 
7ffc35947000-7ffc35a45000 rw-p 00000000 00:00 0 
7ffc35a45000-7ffc35a48000 ---p 00000000 00:00 0 
7ffc35a48000-7ffc35b46000 rw-p 00000000 00:00 0 
7ffc35b46000-7ffc35b49000 ---p 00000000 00:00 0 
7ffc35b49000-7ffc35c47000 rw-p 00000000 00:00 0 
7ffc35c47000-7ffc35c51000 r--s 00203000 08:01 1454089                    /usr/lib/jvm/java-7-openjdk-amd64/jre/lib/charsets.jar
7ffc35c51000-7ffc35c54000 ---p 00000000 00:00 0 
7ffc35c54000-7ffc35c8a000 rw-p 00000000 00:00 0 
7ffc35c8a000-7ffc35c8d000 ---p 00000000 00:00 0 
7ffc35c8d000-7ffc35d8b000 rw-p 00000000 00:00 0 
7ffc35d8b000-7ffc35d8e000 ---p 00000000 00:00 0 
7ffc35d8e000-7ffc35e8c000 rw-p 00000000 00:00 0 
7ffc35e8c000-7ffc35e8f000 ---p 00000000 00:00 0 
7ffc35e8f000-7ffc35f8d000 rw-p 00000000 00:00 0 
7ffc35f8d000-7ffc35f90000 ---p 00000000 00:00 0 
7ffc35f90000-7ffc3608e000 rw-p 00000000 00:00 0 
7ffc3608e000-7ffc3608f000 r-xp 00000000 08:01 1454014                    /usr/lib/jvm/java-7-openjdk-amd64/jre/lib/amd64/libjaas_unix.so
7ffc3608f000-7ffc3628e000 ---p 00001000 08:01 1454014                    /usr/lib/jvm/java-7-openjdk-amd64/jre/lib/amd64/libjaas_unix.so
7ffc3628e000-7ffc3628f000 r--p 00000000 08:01 1454014                    /usr/lib/jvm/java-7-openjdk-amd64/jre/lib/amd64/libjaas_unix.so
7ffc3628f000-7ffc36290000 rw-p 00001000 08:01 1454014                    /usr/lib/jvm/java-7-openjdk-amd64/jre/lib/amd64/libjaas_unix.so
7ffc36290000-7ffc36293000 ---p 00000000 00:00 0 
7ffc36293000-7ffc36391000 rw-p 00000000 00:00 0 
7ffc36391000-7ffc36394000 ---p 00000000 00:00 0 
7ffc36394000-7ffc363ca000 rw-p 00000000 00:00 0 
7ffc363ca000-7ffc363cf000 r--s 0004d000 08:01 1454085                    /usr/lib/jvm/java-7-openjdk-amd64/jre/lib/jsse.jar
7ffc363cf000-7ffc363e4000 r--p 00000000 08:01 407387                     /usr/share/locale-langpack/zh_CN/LC_MESSAGES/libc.mo
7ffc363e4000-7ffc363ec000 r-xp 00000000 08:01 1454059                    /usr/lib/jvm/java-7-openjdk-amd64/jre/lib/amd64/libmanagement.so
7ffc363ec000-7ffc365eb000 ---p 00008000 08:01 1454059                    /usr/lib/jvm/java-7-openjdk-amd64/jre/lib/amd64/libmanagement.so
7ffc365eb000-7ffc365ec000 r--p 00007000 08:01 1454059                    /usr/lib/jvm/java-7-openjdk-amd64/jre/lib/amd64/libmanagement.so
7ffc365ec000-7ffc365ed000 rw-p 00008000 08:01 1454059                    /usr/lib/jvm/java-7-openjdk-amd64/jre/lib/amd64/libmanagement.so
7ffc365ed000-7ffc3661e000 rw-p 00000000 00:00 0 
7ffc3661e000-7ffc3665a000 r-xp 00000000 08:01 659353                     /lib/x86_64-linux-gnu/libpcre.so.3.12.1
7ffc3665a000-7ffc36859000 ---p 0003c000 08:01 659353                     /lib/x86_64-linux-gnu/libpcre.so.3.12.1
7ffc36859000-7ffc3685a000 r--p 0003b000 08:01 659353                     /lib/x86_64-linux-gnu/libpcre.so.3.12.1
7ffc3685a000-7ffc3685b000 rw-p 0003c000 08:01 659353                     /lib/x86_64-linux-gnu/libpcre.so.3.12.1
7ffc3685b000-7ffc36862000 r-xp 00000000 08:01 1058771                    /usr/lib/x86_64-linux-gnu/libffi.so.6.0.0
7ffc36862000-7ffc36a61000 ---p 00007000 08:01 1058771                    /usr/lib/x86_64-linux-gnu/libffi.so.6.0.0
7ffc36a61000-7ffc36a62000 r--p 00006000 08:01 1058771                    /usr/lib/x86_64-linux-gnu/libffi.so.6.0.0
7ffc36a62000-7ffc36a63000 rw-p 00007000 08:01 1058771                    /usr/lib/x86_64-linux-gnu/libffi.so.6.0.0
7ffc36a63000-7ffc36a7b000 r-xp 00000000 08:01 659364                     /lib/x86_64-linux-gnu/libresolv-2.15.so
7ffc36a7b000-7ffc36c7b000 ---p 00018000 08:01 659364                     /lib/x86_64-linux-gnu/libresolv-2.15.so
7ffc36c7b000-7ffc36c7c000 r--p 00018000 08:01 659364                     /lib/x86_64-linux-gnu/libresolv-2.15.so
7ffc36c7c000-7ffc36c7d000 rw-p 00019000 08:01 659364                     /lib/x86_64-linux-gnu/libresolv-2.15.so
7ffc36c7d000-7ffc36c7f000 rw-p 00000000 00:00 0 
7ffc36c7f000-7ffc36c9c000 r-xp 00000000 08:01 659368                     /lib/x86_64-linux-gnu/libselinux.so.1
7ffc36c9c000-7ffc36e9b000 ---p 0001d000 08:01 659368                     /lib/x86_64-linux-gnu/libselinux.so.1
7ffc36e9b000-7ffc36e9c000 r--p 0001c000 08:01 659368                     /lib/x86_64-linux-gnu/libselinux.so.1
7ffc36e9c000-7ffc36e9d000 rw-p 0001d000 08:01 659368                     /lib/x86_64-linux-gnu/libselinux.so.1
7ffc36e9d000-7ffc36e9e000 rw-p 00000000 00:00 0 
7ffc36e9e000-7ffc36ea1000 r-xp 00000000 08:01 1058830                    /usr/lib/x86_64-linux-gnu/libgmodule-2.0.so.0.3200.1
7ffc36ea1000-7ffc370a0000 ---p 00003000 08:01 1058830                    /usr/lib/x86_64-linux-gnu/libgmodule-2.0.so.0.3200.1
7ffc370a0000-7ffc370a1000 r--p 00002000 08:01 1058830                    /usr/lib/x86_64-linux-gnu/libgmodule-2.0.so.0.3200.1
7ffc370a1000-7ffc370a2000 rw-p 00003000 08:01 1058830                    /usr/lib/x86_64-linux-gnu/libgmodule-2.0.so.0.3200.1
7ffc370a2000-7ffc37194000 r-xp 00000000 08:01 659305                     /lib/x86_64-linux-gnu/libglib-2.0.so.0.3200.1
7ffc37194000-7ffc37394000 ---p 000f2000 08:01 659305                     /lib/x86_64-linux-gnu/libglib-2.0.so.0.3200.1
7ffc37394000-7ffc37395000 r--p 000f2000 08:01 659305                     /lib/x86_64-linux-gnu/libglib-2.0.so.0.3200.1
7ffc37395000-7ffc37396000 rw-p 000f3000 08:01 659305                     /lib/x86_64-linux-gnu/libglib-2.0.so.0.3200.1
7ffc37396000-7ffc37397000 rw-p 00000000 00:00 0 
7ffc37397000-7ffc373e4000 r-xp 00000000 08:01 1058844                    /usr/lib/x86_64-linux-gnu/libgobject-2.0.so.0.3200.1
7ffc373e4000-7ffc375e4000 ---p 0004d000 08:01 1058844                    /usr/lib/x86_64-linux-gnu/libgobject-2.0.so.0.3200.1
7ffc375e4000-7ffc375e5000 r--p 0004d000 08:01 1058844                    /usr/lib/x86_64-linux-gnu/libgobject-2.0.so.0.3200.1
7ffc375e5000-7ffc375e6000 rw-p 0004e000 08:01 1058844                    /usr/lib/x86_64-linux-gnu/libgobject-2.0.so.0.3200.1
7ffc375e6000-7ffc3772e000 r-xp 00000000 08:01 1058818                    /usr/lib/x86_64-linux-gnu/libgio-2.0.so.0.3200.1
7ffc3772e000-7ffc3792d000 ---p 00148000 08:01 1058818                    /usr/lib/x86_64-linux-gnu/libgio-2.0.so.0.3200.1
7ffc3792d000-7ffc37931000 r--p 00147000 08:01 1058818                    /usr/lib/x86_64-linux-gnu/libgio-2.0.so.0.3200.1
7ffc37931000-7ffc37933000 rw-p 0014b000 08:01 1058818                    /usr/lib/x86_64-linux-gnu/libgio-2.0.so.0.3200.1
7ffc37933000-7ffc37935000 rw-p 00000000 00:00 0 
7ffc37938000-7ffc3793f000 r--s 00000000 08:01 1313867                    /usr/lib/x86_64-linux-gnu/gconv/gconv-modules.cache
7ffc3793f000-7ffc37949000 r--s 000ae000 08:01 1453986                    /usr/lib/jvm/java-7-openjdk-amd64/jre/lib/resources.jar
7ffc37949000-7ffc37960000 r-xp 00000000 08:01 1454027                    /usr/lib/jvm/java-7-openjdk-amd64/jre/lib/amd64/libnet.so
7ffc37960000-7ffc37b5f000 ---p 00017000 08:01 1454027                    /usr/lib/jvm/java-7-openjdk-amd64/jre/lib/amd64/libnet.so
7ffc37b5f000-7ffc37b60000 r--p 00016000 08:01 1454027                    /usr/lib/jvm/java-7-openjdk-amd64/jre/lib/amd64/libnet.so
7ffc37b60000-7ffc37b61000 rw-p 00017000 08:01 1454027                    /usr/lib/jvm/java-7-openjdk-amd64/jre/lib/amd64/libnet.so
7ffc37b61000-7ffc37b71000 r-xp 00000000 08:01 1454057                    /usr/lib/jvm/java-7-openjdk-amd64/jre/lib/amd64/libnio.so
7ffc37b71000-7ffc37d71000 ---p 00010000 08:01 1454057                    /usr/lib/jvm/java-7-openjdk-amd64/jre/lib/amd64/libnio.so
7ffc37d71000-7ffc37d72000 r--p 00010000 08:01 1454057                    /usr/lib/jvm/java-7-openjdk-amd64/jre/lib/amd64/libnio.so
7ffc37d72000-7ffc37d73000 rw-p 00011000 08:01 1454057                    /usr/lib/jvm/java-7-openjdk-amd64/jre/lib/amd64/libnio.so
7ffc37d73000-7ffc37d74000 r--s 00006000 08:01 668729                     /usr/local/hadoop/share/hadoop/yarn/hadoop-yarn-server-web-proxy-2.6.0.jar
7ffc37d74000-7ffc37d76000 r--s 00008000 08:01 668733                     /usr/local/hadoop/share/hadoop/yarn/hadoop-yarn-server-tests-2.6.0.jar
7ffc37d76000-7ffc37d8a000 r--s 00101000 08:01 668726                     /usr/local/hadoop/share/hadoop/yarn/hadoop-yarn-server-resourcemanager-2.6.0.jar
7ffc37d8a000-7ffc37d97000 r--s 0008f000 08:01 668731                     /usr/local/hadoop/share/hadoop/yarn/hadoop-yarn-server-nodemanager-2.6.0.jar
7ffc37d97000-7ffc37d9d000 r--s 00041000 08:01 668730                     /usr/local/hadoop/share/hadoop/yarn/hadoop-yarn-server-common-2.6.0.jar
7ffc37d9d000-7ffc37da1000 r--s 00025000 08:01 668728                     /usr/local/hadoop/share/hadoop/yarn/hadoop-yarn-server-applicationhistoryservice-2.6.0.jar
7ffc37da1000-7ffc37da4000 r--s 00015000 08:01 668732                     /usr/local/hadoop/share/hadoop/yarn/hadoop-yarn-registry-2.6.0.jar
7ffc37da4000-7ffc37dbb000 r--s 00171000 08:01 668735                     /usr/local/hadoop/share/hadoop/yarn/hadoop-yarn-common-2.6.0.jar
7ffc37dbb000-7ffc37dbe000 r--s 0001d000 08:01 668727                     /usr/local/hadoop/share/hadoop/yarn/hadoop-yarn-client-2.6.0.jar
7ffc37dbe000-7ffc37dbf000 r--s 00003000 08:01 668736                     /usr/local/hadoop/share/hadoop/yarn/hadoop-yarn-applications-unmanaged-am-launcher-2.6.0.jar
7ffc37dbf000-7ffc37dc1000 r--s 0000a000 08:01 668734                     /usr/local/hadoop/share/hadoop/yarn/hadoop-yarn-applications-distributedshell-2.6.0.jar
7ffc37dc1000-7ffc37ddc000 r--s 001ae000 08:01 668725                     /usr/local/hadoop/share/hadoop/yarn/hadoop-yarn-api-2.6.0.jar
7ffc37ddc000-7ffc37dde000 r--s 00016000 08:01 1592689                    /usr/local/hadoop/share/hadoop/hdfs/hadoop-hdfs-nfs-2.6.0.jar
7ffc37dde000-7ffc37dff000 r--s 002c3000 08:01 1592697                    /usr/local/hadoop/share/hadoop/hdfs/hadoop-hdfs-2.6.0-tests.jar
7ffc37dff000-7ffc37e64000 r--s 00711000 08:01 1592725                    /usr/local/hadoop/share/hadoop/hdfs/hadoop-hdfs-2.6.0.jar
7ffc37e64000-7ffc37e70000 r--s 000b6000 08:01 1723289                    /usr/local/hadoop/share/hadoop/common/lib/zookeeper-3.4.6.jar
7ffc37e70000-7ffc37e74000 r--s 00014000 08:01 1723285                    /usr/local/hadoop/share/hadoop/common/lib/xz-1.0.jar
7ffc37e74000-7ffc37e75000 r--s 00003000 08:01 1723274                    /usr/local/hadoop/share/hadoop/common/lib/xmlenc-0.52.jar
7ffc37e75000-7ffc37e77000 r--s 00004000 08:01 1723265                    /usr/local/hadoop/share/hadoop/common/lib/stax-api-1.0-2.jar
7ffc37e77000-7ffc37e79000 r--s 000f2000 08:01 1723232                    /usr/local/hadoop/share/hadoop/common/lib/snappy-java-1.0.4.1.jar
7ffc37e79000-7ffc37e7b000 r--s 00001000 08:01 1723236                    /usr/local/hadoop/share/hadoop/common/lib/slf4j-log4j12-1.7.5.jar
7ffc37e7b000-7ffc37e7d000 r--s 00005000 08:01 1723256                    /usr/local/hadoop/share/hadoop/common/lib/slf4j-api-1.7.5.jar
7ffc37e7d000-7ffc37e7f000 r--s 00018000 08:01 1723273                    /usr/local/hadoop/share/hadoop/common/lib/servlet-api-2.5.jar
7ffc37e7f000-7ffc37e87000 r--s 0007b000 08:01 1723283                    /usr/local/hadoop/share/hadoop/common/lib/protobuf-java-2.5.0.jar
7ffc37e87000-7ffc37e89000 r--s 00006000 08:01 1723279                    /usr/local/hadoop/share/hadoop/common/lib/paranamer-2.3.jar
7ffc37e89000-7ffc37ea0000 r--s 0010e000 08:01 1723229                    /usr/local/hadoop/share/hadoop/common/lib/netty-3.6.2.Final.jar
7ffc37ea0000-7ffc37ebd000 r--s 0013e000 08:01 1723287                    /usr/local/hadoop/share/hadoop/common/lib/mockito-all-1.8.5.jar
7ffc37ebd000-7ffc37ec6000 r--s 0006f000 08:01 1723293                    /usr/local/hadoop/share/hadoop/common/lib/log4j-1.2.17.jar
7ffc37ec6000-7ffc37ecc000 r--s 00036000 08:01 1723258                    /usr/local/hadoop/share/hadoop/common/lib/junit-4.11.jar
7ffc37ecc000-7ffc37ecf000 r--s 00006000 08:01 1723276                    /usr/local/hadoop/share/hadoop/common/lib/jsr305-1.3.9.jar
7ffc37ecf000-7ffc37ed2000 r--s 00016000 08:01 1723286                    /usr/local/hadoop/share/hadoop/common/lib/jsp-api-2.1.jar
7ffc37ed2000-7ffc37ed5000 r--s 0002b000 08:01 1723282                    /usr/local/hadoop/share/hadoop/common/lib/jsch-0.1.42.jar
7ffc37ed5000-7ffc37ed9000 r--s 00028000 08:01 1723247                    /usr/local/hadoop/share/hadoop/common/lib/jetty-util-6.1.26.jar
7ffc37ed9000-7ffc37ee0000 r--s 0007d000 08:01 1723262                    /usr/local/hadoop/share/hadoop/common/lib/jetty-6.1.26.jar
7ffc37ee0000-7ffc37ee2000 r--s 0000f000 08:01 1723245                    /usr/local/hadoop/share/hadoop/common/lib/jettison-1.1.jar
7ffc37ee2000-7ffc37eeb000 r--s 0007b000 08:01 1723292                    /usr/local/hadoop/share/hadoop/common/lib/jets3t-0.9.0.jar
7ffc37eeb000-7ffc37efd000 r--s 0009d000 08:01 1723246                    /usr/local/hadoop/share/hadoop/common/lib/jersey-server-1.9.jar
7ffc37efd000-7ffc37f01000 r--s 00021000 08:01 1723234                    /usr/local/hadoop/share/hadoop/common/lib/jersey-json-1.9.jar
7ffc37f01000-7ffc37f0b000 r--s 00066000 08:01 1723244                    /usr/local/hadoop/share/hadoop/common/lib/jersey-core-1.9.jar
7ffc37f0b000-7ffc37f1e000 r--s 000c7000 08:01 1723284                    /usr/local/hadoop/share/hadoop/common/lib/jaxb-impl-2.2.3-1.jar
7ffc37f1e000-7ffc37f21000 r--s 00017000 08:01 1723249                    /usr/local/hadoop/share/hadoop/common/lib/jaxb-api-2.2.2.jar
7ffc37f21000-7ffc37f22000 r--s 00004000 08:01 1723248                    /usr/local/hadoop/share/hadoop/common/lib/java-xmlbuilder-0.4.jar
7ffc37f22000-7ffc37f24000 r--s 00011000 08:01 1723263                    /usr/local/hadoop/share/hadoop/common/lib/jasper-runtime-5.5.23.jar
7ffc37f24000-7ffc37f29000 r--s 0005f000 08:01 1723281                    /usr/local/hadoop/share/hadoop/common/lib/jasper-compiler-5.5.23.jar
7ffc37f29000-7ffc37f2a000 r--s 00006000 08:01 1723228                    /usr/local/hadoop/share/hadoop/common/lib/jackson-xc-1.9.13.jar
7ffc37f2a000-7ffc37f38000 r--s 000b1000 08:01 1723277                    /usr/local/hadoop/share/hadoop/common/lib/jackson-mapper-asl-1.9.13.jar
7ffc37f38000-7ffc37f39000 r--s 00004000 08:01 1723260                    /usr/local/hadoop/share/hadoop/common/lib/jackson-jaxrs-1.9.13.jar
7ffc37f39000-7ffc37f3d000 r--s 00035000 08:01 1723230                    /usr/local/hadoop/share/hadoop/common/lib/jackson-core-asl-1.9.13.jar
7ffc37f3d000-7ffc37f43000 r--s 00032000 08:01 1723241                    /usr/local/hadoop/share/hadoop/common/lib/httpcore-4.2.5.jar
7ffc37f43000-7ffc37f4c000 r--s 00061000 08:01 1723261                    /usr/local/hadoop/share/hadoop/common/lib/httpclient-4.2.5.jar
7ffc37f4c000-7ffc37f4e000 r--s 00006000 08:01 1723266                    /usr/local/hadoop/share/hadoop/common/lib/htrace-core-3.0.4.jar
7ffc37f4e000-7ffc37f50000 r--s 00009000 08:01 1723269                    /usr/local/hadoop/share/hadoop/common/lib/hamcrest-core-1.3.jar
7ffc37f50000-7ffc37f52000 r--s 0000f000 08:01 1723238                    /usr/local/hadoop/share/hadoop/common/lib/hadoop-auth-2.6.0.jar
7ffc37f52000-7ffc37f54000 r--s 00003000 08:01 1723239                    /usr/local/hadoop/share/hadoop/common/lib/hadoop-annotations-2.6.0.jar
7ffc37f54000-7ffc37f75000 r--s 00172000 08:01 1723257                    /usr/local/hadoop/share/hadoop/common/lib/guava-11.0.2.jar
7ffc37f75000-7ffc37f7a000 r--s 0002a000 08:01 1723252                    /usr/local/hadoop/share/hadoop/common/lib/gson-2.2.4.jar
7ffc37f7a000-7ffc37f81000 r--s 00036000 08:01 1723250                    /usr/local/hadoop/share/hadoop/common/lib/curator-recipes-2.6.0.jar
7ffc37f81000-7ffc37f87000 r--s 00028000 08:01 1723255                    /usr/local/hadoop/share/hadoop/common/lib/curator-framework-2.6.0.jar
7ffc37f87000-7ffc37f89000 r--s 0000f000 08:01 1723253                    /usr/local/hadoop/share/hadoop/common/lib/curator-client-2.6.0.jar
7ffc37f89000-7ffc37f8e000 r--s 0003e000 08:01 1723270                    /usr/local/hadoop/share/hadoop/common/lib/commons-net-3.1.jar
7ffc37f8e000-7ffc37fab000 r--s 0016a000 08:01 1723278                    /usr/local/hadoop/share/hadoop/common/lib/commons-math3-3.1.1.jar
7ffc37fab000-7ffc37fb0000 r--s 00041000 08:01 1723254                    /usr/local/hadoop/share/hadoop/common/lib/commons-lang-2.6.jar
7ffc37fb0000-7ffc37fb4000 r--s 0002a000 08:01 1723272                    /usr/local/hadoop/share/hadoop/common/lib/commons-io-2.4.jar
7ffc37fb4000-7ffc37fba000 r--s 00045000 08:01 1723264                    /usr/local/hadoop/share/hadoop/common/lib/commons-httpclient-3.1.jar
7ffc37fba000-7ffc37fbd000 r--s 00019000 08:01 1723280                    /usr/local/hadoop/share/hadoop/common/lib/commons-el-1.0.jar
7ffc37fbd000-7ffc37fc1000 r--s 00020000 08:01 1723242                    /usr/local/hadoop/share/hadoop/common/lib/commons-digester-1.8.jar
7ffc37fc1000-7ffc37fc7000 r--s 00043000 08:01 1723288                    /usr/local/hadoop/share/hadoop/common/lib/commons-configuration-1.6.jar
7ffc37fc7000-7ffc37fcc000 r--s 00036000 08:01 1723267                    /usr/local/hadoop/share/hadoop/common/lib/commons-compress-1.4.1.jar
7ffc37fcc000-7ffc37fda000 r--s 0007f000 08:01 1723233                    /usr/local/hadoop/share/hadoop/common/lib/commons-collections-3.2.1.jar
7ffc37fda000-7ffc37fde000 r--s 0002f000 08:01 1723291                    /usr/local/hadoop/share/hadoop/common/lib/commons-beanutils-core-1.8.0.jar
7ffc37fde000-7ffc37fe3000 r--s 0002a000 08:01 1723235                    /usr/local/hadoop/share/hadoop/common/lib/commons-beanutils-1.7.0.jar
7ffc37fe3000-7ffc37fea000 r--s 00044000 08:01 1723290                    /usr/local/hadoop/share/hadoop/common/lib/avro-1.7.4.jar
7ffc37fea000-7ffc37fec000 r--s 00012000 08:01 1723259                    /usr/local/hadoop/share/hadoop/common/lib/api-util-1.0.0-M20.jar
7ffc37fec000-7ffc37fee000 r--s 00003000 08:01 1723251                    /usr/local/hadoop/share/hadoop/common/lib/api-asn1-api-1.0.0-M20.jar
7ffc37fee000-7ffc38000000 r--s 00097000 08:01 1723271                    /usr/local/hadoop/share/hadoop/common/lib/apacheds-kerberos-codec-2.0.0-M15.jar
7ffc38000000-7ffc38021000 rw-p 00000000 00:00 0 
7ffc38021000-7ffc3c000000 ---p 00000000 00:00 0 
7ffc3c000000-7ffc3c003000 r--s 00017000 08:01 1454087                    /usr/lib/jvm/java-7-openjdk-amd64/jre/lib/jce.jar
7ffc3c003000-7ffc3c004000 r--s 0000a000 08:01 1723237                    /usr/local/hadoop/share/hadoop/common/lib/apacheds-i18n-2.0.0-M15.jar
7ffc3c004000-7ffc3c006000 r--s 0000e000 08:01 1723294                    /usr/local/hadoop/share/hadoop/common/lib/activation-1.1.jar
7ffc3c006000-7ffc3c008000 r--s 0000e000 08:01 1723268                    /usr/local/hadoop/share/hadoop/common/lib/commons-logging-1.1.3.jar
7ffc3c008000-7ffc3c010000 r--s 00078000 08:01 669561                     /home/liguoyu/下载/javamail-1.4.7/mail.jar
7ffc3c010000-7ffc3c026000 r--s 00157000 08:01 794615                     /usr/local/hadoop/share/hadoop/mapreduce/hadoop-mapreduce-client-jobclient-2.6.0-tests.jar
7ffc3c026000-7ffc3c02b000 r--s 00035000 08:01 794612                     /usr/local/hadoop/share/hadoop/mapreduce/hadoop-mapreduce-client-hs-2.6.0.jar
7ffc3c02b000-7ffc3c043000 r--s 00159000 08:01 794614                     /usr/local/hadoop/share/hadoop/mapreduce/hadoop-mapreduce-client-core-2.6.0.jar
7ffc3c043000-7ffc3c04f000 r--s 00097000 08:01 794611                     /usr/local/hadoop/share/hadoop/mapreduce/hadoop-mapreduce-client-common-2.6.0.jar
7ffc3c04f000-7ffc3c059000 r--s 00072000 08:01 794613                     /usr/local/hadoop/share/hadoop/mapreduce/hadoop-mapreduce-client-app-2.6.0.jar
7ffc3c059000-7ffc3c08e000 r--s 002f2000 08:01 1723226                    /usr/local/hadoop/share/hadoop/common/hadoop-common-2.6.0.jar
7ffc3c08e000-7ffc3c091000 ---p 00000000 00:00 0 
7ffc3c091000-7ffc3c18f000 rw-p 00000000 00:00 0 
7ffc3c18f000-7ffc3c190000 ---p 00000000 00:00 0 
7ffc3c190000-7ffc3c290000 rw-p 00000000 00:00 0 
7ffc3c290000-7ffc3c293000 ---p 00000000 00:00 0 
7ffc3c293000-7ffc3c391000 rw-p 00000000 00:00 0 
7ffc3c391000-7ffc3c394000 ---p 00000000 00:00 0 
7ffc3c394000-7ffc3c492000 rw-p 00000000 00:00 0 
7ffc3c492000-7ffc3c495000 ---p 00000000 00:00 0 
7ffc3c495000-7ffc3c593000 rw-p 00000000 00:00 0 
7ffc3c593000-7ffc3c596000 ---p 00000000 00:00 0 
7ffc3c596000-7ffc3c694000 rw-p 00000000 00:00 0 
7ffc3c694000-7ffc3c697000 ---p 00000000 00:00 0 
7ffc3c697000-7ffc3c795000 rw-p 00000000 00:00 0 
7ffc3c795000-7ffc3c798000 ---p 00000000 00:00 0 
7ffc3c798000-7ffc3c896000 rw-p 00000000 00:00 0 
7ffc3c896000-7ffc3c897000 ---p 00000000 00:00 0 
7ffc3c897000-7ffc3d000000 rw-p 00000000 00:00 0 
7ffc3d000000-7ffc3d270000 rwxp 00000000 00:00 0 
7ffc3d270000-7ffc403c7000 rw-p 00000000 00:00 0 
7ffc403c7000-7ffc44000000 ---p 00000000 00:00 0 
7ffc44000000-7ffc44002000 r--s 0000d000 08:01 1723240                    /usr/local/hadoop/share/hadoop/common/lib/commons-codec-1.4.jar
7ffc44002000-7ffc44004000 r--s 00009000 08:01 1723275                    /usr/local/hadoop/share/hadoop/common/lib/commons-cli-1.2.jar
7ffc44004000-7ffc44020000 r--s 00192000 08:01 1723225                    /usr/local/hadoop/share/hadoop/common/hadoop-common-2.6.0-tests.jar
7ffc44020000-7ffc4436c000 rw-p 00000000 00:00 0 
7ffc4436c000-7ffc4451d000 r--s 01d27000 08:01 1454107                    /usr/lib/jvm/java-7-openjdk-amd64/jre/lib/rt.jar
7ffc4451d000-7ffc461b6000 rw-p 00000000 00:00 0 
7ffc461b6000-7ffc461b7000 ---p 00000000 00:00 0 
7ffc461b7000-7ffc462b7000 rw-p 00000000 00:00 0 
7ffc462b7000-7ffc462b8000 ---p 00000000 00:00 0 
7ffc462b8000-7ffc463c4000 rw-p 00000000 00:00 0 
7ffc463c4000-7ffc4640b000 rw-p 00000000 00:00 0 
7ffc4640b000-7ffc464ad000 rw-p 00000000 00:00 0 
7ffc464ad000-7ffc464e9000 rw-p 00000000 00:00 0 
7ffc464e9000-7ffc464f5000 rw-p 00000000 00:00 0 
7ffc464f5000-7ffc4653c000 rw-p 00000000 00:00 0 
7ffc4653c000-7ffc465de000 rw-p 00000000 00:00 0 
7ffc465de000-7ffc4661a000 rw-p 00000000 00:00 0 
7ffc4661a000-7ffc46650000 rw-p 00000000 00:00 0 
7ffc46650000-7ffc46689000 rw-p 00000000 00:00 0 
7ffc46689000-7ffc4668a000 rw-p 00000000 00:00 0 
7ffc4668a000-7ffc46692000 r-xp 00000000 08:01 1454005                    /usr/lib/jvm/java-7-openjdk-amd64/jre/lib/amd64/libzip.so
7ffc46692000-7ffc46891000 ---p 00008000 08:01 1454005                    /usr/lib/jvm/java-7-openjdk-amd64/jre/lib/amd64/libzip.so
7ffc46891000-7ffc46892000 r--p 00007000 08:01 1454005                    /usr/lib/jvm/java-7-openjdk-amd64/jre/lib/amd64/libzip.so
7ffc46892000-7ffc46893000 rw-p 00008000 08:01 1454005                    /usr/lib/jvm/java-7-openjdk-amd64/jre/lib/amd64/libzip.so
7ffc46893000-7ffc4689f000 r-xp 00000000 08:01 659331                     /lib/x86_64-linux-gnu/libnss_files-2.15.so
7ffc4689f000-7ffc46a9e000 ---p 0000c000 08:01 659331                     /lib/x86_64-linux-gnu/libnss_files-2.15.so
7ffc46a9e000-7ffc46a9f000 r--p 0000b000 08:01 659331                     /lib/x86_64-linux-gnu/libnss_files-2.15.so
7ffc46a9f000-7ffc46aa0000 rw-p 0000c000 08:01 659331                     /lib/x86_64-linux-gnu/libnss_files-2.15.so
7ffc46aa0000-7ffc46aaa000 r-xp 00000000 08:01 659335                     /lib/x86_64-linux-gnu/libnss_nis-2.15.so
7ffc46aaa000-7ffc46caa000 ---p 0000a000 08:01 659335                     /lib/x86_64-linux-gnu/libnss_nis-2.15.so
7ffc46caa000-7ffc46cab000 r--p 0000a000 08:01 659335                     /lib/x86_64-linux-gnu/libnss_nis-2.15.so
7ffc46cab000-7ffc46cac000 rw-p 0000b000 08:01 659335                     /lib/x86_64-linux-gnu/libnss_nis-2.15.so
7ffc46cac000-7ffc46cc3000 r-xp 00000000 08:01 659325                     /lib/x86_64-linux-gnu/libnsl-2.15.so
7ffc46cc3000-7ffc46ec2000 ---p 00017000 08:01 659325                     /lib/x86_64-linux-gnu/libnsl-2.15.so
7ffc46ec2000-7ffc46ec3000 r--p 00016000 08:01 659325                     /lib/x86_64-linux-gnu/libnsl-2.15.so
7ffc46ec3000-7ffc46ec4000 rw-p 00017000 08:01 659325                     /lib/x86_64-linux-gnu/libnsl-2.15.so
7ffc46ec4000-7ffc46ec6000 rw-p 00000000 00:00 0 
7ffc46ec6000-7ffc46ece000 r-xp 00000000 08:01 659327                     /lib/x86_64-linux-gnu/libnss_compat-2.15.so
7ffc46ece000-7ffc470cd000 ---p 00008000 08:01 659327                     /lib/x86_64-linux-gnu/libnss_compat-2.15.so
7ffc470cd000-7ffc470ce000 r--p 00007000 08:01 659327                     /lib/x86_64-linux-gnu/libnss_compat-2.15.so
7ffc470ce000-7ffc470cf000 rw-p 00008000 08:01 659327                     /lib/x86_64-linux-gnu/libnss_compat-2.15.so
7ffc470cf000-7ffc470f8000 r-xp 00000000 08:01 1454023                    /usr/lib/jvm/java-7-openjdk-amd64/jre/lib/amd64/libjava.so
7ffc470f8000-7ffc472f7000 ---p 00029000 08:01 1454023                    /usr/lib/jvm/java-7-openjdk-amd64/jre/lib/amd64/libjava.so
7ffc472f7000-7ffc472f8000 r--p 00028000 08:01 1454023                    /usr/lib/jvm/java-7-openjdk-amd64/jre/lib/amd64/libjava.so
7ffc472f8000-7ffc472fa000 rw-p 00029000 08:01 1454023                    /usr/lib/jvm/java-7-openjdk-amd64/jre/lib/amd64/libjava.so
7ffc472fa000-7ffc47308000 r-xp 00000000 08:01 1454055                    /usr/lib/jvm/java-7-openjdk-amd64/jre/lib/amd64/libverify.so
7ffc47308000-7ffc47507000 ---p 0000e000 08:01 1454055                    /usr/lib/jvm/java-7-openjdk-amd64/jre/lib/amd64/libverify.so
7ffc47507000-7ffc47509000 r--p 0000d000 08:01 1454055                    /usr/lib/jvm/java-7-openjdk-amd64/jre/lib/amd64/libverify.so
7ffc47509000-7ffc4750a000 rw-p 0000f000 08:01 1454055                    /usr/lib/jvm/java-7-openjdk-amd64/jre/lib/amd64/libverify.so
7ffc4750a000-7ffc47511000 r-xp 00000000 08:01 659366                     /lib/x86_64-linux-gnu/librt-2.15.so
7ffc47511000-7ffc47710000 ---p 00007000 08:01 659366                     /lib/x86_64-linux-gnu/librt-2.15.so
7ffc47710000-7ffc47711000 r--p 00006000 08:01 659366                     /lib/x86_64-linux-gnu/librt-2.15.so
7ffc47711000-7ffc47712000 rw-p 00007000 08:01 659366                     /lib/x86_64-linux-gnu/librt-2.15.so
7ffc47712000-7ffc47727000 r-xp 00000000 08:01 659301                     /lib/x86_64-linux-gnu/libgcc_s.so.1
7ffc47727000-7ffc47926000 ---p 00015000 08:01 659301                     /lib/x86_64-linux-gnu/libgcc_s.so.1
7ffc47926000-7ffc47927000 r--p 00014000 08:01 659301                     /lib/x86_64-linux-gnu/libgcc_s.so.1
7ffc47927000-7ffc47928000 rw-p 00015000 08:01 659301                     /lib/x86_64-linux-gnu/libgcc_s.so.1
7ffc47928000-7ffc47a21000 r-xp 00000000 08:01 659312                     /lib/x86_64-linux-gnu/libm-2.15.so
7ffc47a21000-7ffc47c20000 ---p 000f9000 08:01 659312                     /lib/x86_64-linux-gnu/libm-2.15.so
7ffc47c20000-7ffc47c21000 r--p 000f8000 08:01 659312                     /lib/x86_64-linux-gnu/libm-2.15.so
7ffc47c21000-7ffc47c22000 rw-p 000f9000 08:01 659312                     /lib/x86_64-linux-gnu/libm-2.15.so
7ffc47c22000-7ffc47d04000 r-xp 00000000 08:01 1059127                    /usr/lib/x86_64-linux-gnu/libstdc++.so.6.0.16
7ffc47d04000-7ffc47f03000 ---p 000e2000 08:01 1059127                    /usr/lib/x86_64-linux-gnu/libstdc++.so.6.0.16
7ffc47f03000-7ffc47f0b000 r--p 000e1000 08:01 1059127                    /usr/lib/x86_64-linux-gnu/libstdc++.so.6.0.16
7ffc47f0b000-7ffc47f0d000 rw-p 000e9000 08:01 1059127                    /usr/lib/x86_64-linux-gnu/libstdc++.so.6.0.16
7ffc47f0d000-7ffc47f22000 rw-p 00000000 00:00 0 
7ffc47f22000-7ffc48a11000 r-xp 00000000 08:01 1454066                    /usr/lib/jvm/java-7-openjdk-amd64/jre/lib/amd64/server/libjvm.so
7ffc48a11000-7ffc48c10000 ---p 00aef000 08:01 1454066                    /usr/lib/jvm/java-7-openjdk-amd64/jre/lib/amd64/server/libjvm.so
7ffc48c10000-7ffc48cb1000 r--p 00aee000 08:01 1454066                    /usr/lib/jvm/java-7-openjdk-amd64/jre/lib/amd64/server/libjvm.so
7ffc48cb1000-7ffc48cd4000 rw-p 00b8f000 08:01 1454066                    /usr/lib/jvm/java-7-openjdk-amd64/jre/lib/amd64/server/libjvm.so
7ffc48cd4000-7ffc48d01000 rw-p 00000000 00:00 0 
7ffc48d01000-7ffc48d17000 r-xp 00000000 08:01 659391                     /lib/x86_64-linux-gnu/libz.so.1.2.3.4
7ffc48d17000-7ffc48f16000 ---p 00016000 08:01 659391                     /lib/x86_64-linux-gnu/libz.so.1.2.3.4
7ffc48f16000-7ffc48f17000 r--p 00015000 08:01 659391                     /lib/x86_64-linux-gnu/libz.so.1.2.3.4
7ffc48f17000-7ffc48f18000 rw-p 00016000 08:01 659391                     /lib/x86_64-linux-gnu/libz.so.1.2.3.4
7ffc48f18000-7ffc48f30000 r-xp 00000000 08:01 659360                     /lib/x86_64-linux-gnu/libpthread-2.15.so
7ffc48f30000-7ffc4912f000 ---p 00018000 08:01 659360                     /lib/x86_64-linux-gnu/libpthread-2.15.so
7ffc4912f000-7ffc49130000 r--p 00017000 08:01 659360                     /lib/x86_64-linux-gnu/libpthread-2.15.so
7ffc49130000-7ffc49131000 rw-p 00018000 08:01 659360                     /lib/x86_64-linux-gnu/libpthread-2.15.so
7ffc49131000-7ffc49135000 rw-p 00000000 00:00 0 
7ffc49135000-7ffc49137000 r-xp 00000000 08:01 659293                     /lib/x86_64-linux-gnu/libdl-2.15.so
7ffc49137000-7ffc49337000 ---p 00002000 08:01 659293                     /lib/x86_64-linux-gnu/libdl-2.15.so
7ffc49337000-7ffc49338000 r--p 00002000 08:01 659293                     /lib/x86_64-linux-gnu/libdl-2.15.so
7ffc49338000-7ffc49339000 rw-p 00003000 08:01 659293                     /lib/x86_64-linux-gnu/libdl-2.15.so
7ffc49339000-7ffc494ec000 r-xp 00000000 08:01 659280                     /lib/x86_64-linux-gnu/libc-2.15.so
7ffc494ec000-7ffc496eb000 ---p 001b3000 08:01 659280                     /lib/x86_64-linux-gnu/libc-2.15.so
7ffc496eb000-7ffc496ef000 r--p 001b2000 08:01 659280                     /lib/x86_64-linux-gnu/libc-2.15.so
7ffc496ef000-7ffc496f1000 rw-p 001b6000 08:01 659280                     /lib/x86_64-linux-gnu/libc-2.15.so
7ffc496f1000-7ffc496f6000 rw-p 00000000 00:00 0 
7ffc496f6000-7ffc49703000 r-xp 00000000 08:01 1454018                    /usr/lib/jvm/java-7-openjdk-amd64/jre/lib/amd64/jli/libjli.so
7ffc49703000-7ffc49902000 ---p 0000d000 08:01 1454018                    /usr/lib/jvm/java-7-openjdk-amd64/jre/lib/amd64/jli/libjli.so
7ffc49902000-7ffc49903000 r--p 0000c000 08:01 1454018                    /usr/lib/jvm/java-7-openjdk-amd64/jre/lib/amd64/jli/libjli.so
7ffc49903000-7ffc49904000 rw-p 0000d000 08:01 1454018                    /usr/lib/jvm/java-7-openjdk-amd64/jre/lib/amd64/jli/libjli.so
7ffc49904000-7ffc49926000 r-xp 00000000 08:01 659260                     /lib/x86_64-linux-gnu/ld-2.15.so
7ffc49926000-7ffc49927000 rw-p 00000000 00:00 0 
7ffc49927000-7ffc49928000 r--s 0000a000 08:01 1723243                    /usr/local/hadoop/share/hadoop/common/lib/asm-3.2.jar
7ffc49928000-7ffc49929000 r--s 0000a000 08:01 794610                     /usr/local/hadoop/share/hadoop/mapreduce/hadoop-mapreduce-client-shuffle-2.6.0.jar
7ffc49929000-7ffc4992b000 r--s 00008000 08:01 794609                     /usr/local/hadoop/share/hadoop/mapreduce/hadoop-mapreduce-client-jobclient-2.6.0.jar
7ffc4992b000-7ffc4992c000 r--s 00000000 08:01 794641                     /usr/local/hadoop/share/hadoop/mapreduce/hadoop-mapreduce-client-hs-plugins-2.6.0.jar
7ffc4992c000-7ffc49931000 r--s 00022000 08:01 1723227                    /usr/local/hadoop/share/hadoop/common/hadoop-nfs-2.6.0.jar
7ffc49931000-7ffc49932000 r--s 00007000 08:01 1321205                    /usr/share/java/java-atk-wrapper.jar
7ffc49932000-7ffc49935000 r--s 0000f000 08:01 1454101                    /usr/lib/jvm/java-7-openjdk-amd64/jre/lib/ext/icedtea-sound.jar
7ffc49935000-7ffc49939000 r--s 00034000 08:01 1454105                    /usr/lib/jvm/java-7-openjdk-amd64/jre/lib/ext/sunjce_provider.jar
7ffc49939000-7ffc49954000 rw-p 00000000 00:00 0 
7ffc49954000-7ffc49a0a000 rw-p 00000000 00:00 0 
7ffc49a0a000-7ffc49a0d000 ---p 00000000 00:00 0 
7ffc49a0d000-7ffc49b10000 rw-p 00000000 00:00 0 
7ffc49b10000-7ffc49b12000 r--s 00012000 08:01 1454102                    /usr/lib/jvm/java-7-openjdk-amd64/jre/lib/ext/zipfs.jar
7ffc49b12000-7ffc49b13000 r--s 00002000 08:01 1454106                    /usr/lib/jvm/java-7-openjdk-amd64/jre/lib/ext/dnsns.jar
7ffc49b13000-7ffc49b16000 r--s 00086000 08:01 1454104                    /usr/lib/jvm/java-7-openjdk-amd64/jre/lib/ext/localedata.jar
7ffc49b16000-7ffc49b1a000 r--s 0003c000 08:01 1454103                    /usr/lib/jvm/java-7-openjdk-amd64/jre/lib/ext/sunpkcs11.jar
7ffc49b1a000-7ffc49b22000 rw-s 00000000 08:01 1482693                    /tmp/hsperfdata_root/13827
7ffc49b22000-7ffc49b23000 rw-p 00000000 00:00 0 
7ffc49b23000-7ffc49b24000 r--p 00000000 00:00 0 
7ffc49b24000-7ffc49b26000 rw-p 00000000 00:00 0 
7ffc49b26000-7ffc49b27000 r--p 00022000 08:01 659260                     /lib/x86_64-linux-gnu/ld-2.15.so
7ffc49b27000-7ffc49b29000 rw-p 00023000 08:01 659260                     /lib/x86_64-linux-gnu/ld-2.15.so
7fff28e1c000-7fff28e3f000 rw-p 00000000 00:00 0                          [stack]
7fff28f9c000-7fff28f9d000 r-xp 00000000 00:00 0                          [vdso]
ffffffffff600000-ffffffffff601000 r-xp 00000000 00:00 0                  [vsyscall]

VM Arguments:
jvm_args: -Dfile.encoding=UTF-8 
java_command: AnalysisBehavior.ComputerBehavior hdfs://localhost:9000/user/hadoop/Input/ hdfs://localhost:9000/user/hadoop/Output
Launcher Type: SUN_STANDARD

Environment Variables:
PATH=/usr/local/sbin:/usr/local/bin:/usr/sbin:/usr/bin:/sbin:/bin:/usr/games
USERNAME=root
SHELL=/bin/bash
DISPLAY=:0

Signal Handlers:
SIGSEGV: [libjvm.so+0x926e30], sa_mask[0]=0x7ffbfeff, sa_flags=0x10000004
SIGBUS: [libjvm.so+0x926e30], sa_mask[0]=0x7ffbfeff, sa_flags=0x10000004
SIGFPE: [libjvm.so+0x7a5d40], sa_mask[0]=0x7ffbfeff, sa_flags=0x10000004
SIGPIPE: [libjvm.so+0x7a5d40], sa_mask[0]=0x7ffbfeff, sa_flags=0x10000004
SIGXFSZ: [libjvm.so+0x7a5d40], sa_mask[0]=0x7ffbfeff, sa_flags=0x10000004
SIGILL: [libjvm.so+0x7a5d40], sa_mask[0]=0x7ffbfeff, sa_flags=0x10000004
SIGUSR1: SIG_DFL, sa_mask[0]=0x00000000, sa_flags=0x00000000
SIGUSR2: [libjvm.so+0x7a5f80], sa_mask[0]=0x00000004, sa_flags=0x10000004
SIGHUP: [libjvm.so+0x7a60f0], sa_mask[0]=0x7ffbfeff, sa_flags=0x10000004
SIGINT: [libjvm.so+0x7a60f0], sa_mask[0]=0x7ffbfeff, sa_flags=0x10000004
SIGTERM: [libjvm.so+0x7a60f0], sa_mask[0]=0x7ffbfeff, sa_flags=0x10000004
SIGQUIT: [libjvm.so+0x7a60f0], sa_mask[0]=0x7ffbfeff, sa_flags=0x10000004
SIGTRAP: SIG_DFL, sa_mask[0]=0x00000000, sa_flags=0x00000000


---------------  S Y S T E M  ---------------

OS:Ubuntu 12.04 (precise)
uname:Linux 3.2.0-23-generic #36-Ubuntu SMP Tue Apr 10 20:39:51 UTC 2012 x86_64
libc:glibc 2.15 NPTL 2.15 
rlimit: STACK 8192k, CORE 0k, NPROC 16987, NOFILE 4096, AS infinity
load average:5.79 7.81 5.84

/proc/meminfo:
MemTotal:        2191984 kB
MemFree:           56108 kB
Buffers:             928 kB
Cached:            52616 kB
SwapCached:        34440 kB
Active:          1559212 kB
Inactive:         414852 kB
Active(anon):    1528016 kB
Inactive(anon):   394116 kB
Active(file):      31196 kB
Inactive(file):    20736 kB
Unevictable:           0 kB
Mlocked:               0 kB
SwapTotal:       1046524 kB
SwapFree:              0 kB
Dirty:               916 kB
Writeback:             0 kB
AnonPages:       1886184 kB
Mapped:            38712 kB
Shmem:              1496 kB
Slab:              60580 kB
SReclaimable:      23300 kB
SUnreclaim:        37280 kB
KernelStack:        7064 kB
PageTables:        39308 kB
NFS_Unstable:          0 kB
Bounce:                0 kB
WritebackTmp:          0 kB
CommitLimit:     2142516 kB
Committed_AS:    6130164 kB
VmallocTotal:   34359738367 kB
VmallocUsed:      160468 kB
VmallocChunk:   34359562848 kB
HardwareCorrupted:     0 kB
AnonHugePages:         0 kB
HugePages_Total:       0
HugePages_Free:        0
HugePages_Rsvd:        0
HugePages_Surp:        0
Hugepagesize:       2048 kB
DirectMap4k:       61440 kB
DirectMap2M:     2187264 kB


CPU:total 2 (2 cores per cpu, 1 threads per core) family 6 model 58 stepping 9, cmov, cx8, fxsr, mmx, sse, sse2, sse3, ssse3, sse4.1, sse4.2, popcnt, avx, aes, erms, tsc, tscinvbit, tscinv

/proc/cpuinfo:
processor	: 0
vendor_id	: GenuineIntel
cpu family	: 6
model		: 58
model name	: Intel(R) Core(TM) i5-3470 CPU @ 3.20GHz
stepping	: 9
microcode	: 0x1b
cpu MHz		: 3192.819
cache size	: 6144 KB
physical id	: 0
siblings	: 2
core id		: 0
cpu cores	: 2
apicid		: 0
initial apicid	: 0
fpu		: yes
fpu_exception	: yes
cpuid level	: 13
wp		: yes
flags		: fpu vme de pse tsc msr pae mce cx8 apic sep mtrr pge mca cmov pat pse36 clflush dts mmx fxsr sse sse2 ss ht syscall nx rdtscp lm constant_tsc arch_perfmon pebs bts nopl xtopology tsc_reliable nonstop_tsc aperfmperf pni pclmulqdq ssse3 cx16 pcid sse4_1 sse4_2 x2apic popcnt aes xsave avx f16c rdrand hypervisor lahf_lm ida arat epb xsaveopt pln pts dts fsgsbase smep
bogomips	: 6385.63
clflush size	: 64
cache_alignment	: 64
address sizes	: 40 bits physical, 48 bits virtual
power management:

processor	: 1
vendor_id	: GenuineIntel
cpu family	: 6
model		: 58
model name	: Intel(R) Core(TM) i5-3470 CPU @ 3.20GHz
stepping	: 9
microcode	: 0x1b
cpu MHz		: 3192.819
cache size	: 6144 KB
physical id	: 0
siblings	: 2
core id		: 1
cpu cores	: 2
apicid		: 1
initial apicid	: 1
fpu		: yes
fpu_exception	: yes
cpuid level	: 13
wp		: yes
flags		: fpu vme de pse tsc msr pae mce cx8 apic sep mtrr pge mca cmov pat pse36 clflush dts mmx fxsr sse sse2 ss ht syscall nx rdtscp lm constant_tsc arch_perfmon pebs bts nopl xtopology tsc_reliable nonstop_tsc aperfmperf pni pclmulqdq ssse3 cx16 pcid sse4_1 sse4_2 x2apic popcnt aes xsave avx f16c rdrand hypervisor lahf_lm ida arat epb xsaveopt pln pts dts fsgsbase smep
bogomips	: 6385.63
clflush size	: 64
cache_alignment	: 64
address sizes	: 40 bits physical, 48 bits virtual
power management:



Memory: 4k page, physical 2191984k(56108k free), swap 1046524k(0k free)

vm_info: OpenJDK 64-Bit Server VM (24.79-b02) for linux-amd64 JRE (1.7.0_79-b14), built on Apr 16 2015 10:33:54 by "buildd" with gcc 4.6.3

time: Mon Jan 25 16:49:41 2016
elapsed time: 12 seconds

